# JRE version: OpenJDK Runtime Environment (18.0.2+9) (build 18.0.2+9-61)
# Java VM: OpenJDK 64-Bit Server VM (18.0.2+9-61, mixed mode, sharing, tiered, compressed oops, compressed class ptrs, g1 gc, windows-amd64)
GC Precious Log:
 CardTable entry size: 512
 Card Set container configuration: InlinePtr #cards 4 size 8 Array Of Cards #cards 16 size 48 Howl #buckets 8 coarsen threshold 3686 Howl Bitmap #cards 512 size 80 coarsen threshold 460 Card regions per heap region 1 cards per card region 4096
 CPUs: 12 total, 12 available
 Memory: 15930M
 Large Page Support: Disabled
 NUMA Support: Disabled
 Compressed Oops: Enabled (Zero based)
 Heap Region Size: 2M
 Heap Min Capacity: 8M
 Heap Initial Capacity: 250M
 Heap Max Capacity: 3984M
 Pre-touch: Disabled
 Parallel Workers: 10
 Concurrent Workers: 3
 Concurrent Refinement Workers: 10
 Periodic GC: Disabled
Heap:
 garbage-first heap   total 256000K, used 85965K [0x0000000707000000, 0x0000000800000000)
  region size 2048K, 42 young (86016K), 1 survivors (2048K)
 Metaspace       used 11027K, committed 11264K, reserved 1114112K
  class space    used 1142K, committed 1280K, reserved 1048576K
GC Heap History (10 events):
Event: 5.531 GC heap before
{Heap before GC invocations=0 (full 0):
 garbage-first heap   total 256000K, used 22528K [0x0000000707000000, 0x0000000800000000)
  region size 2048K, 11 young (22528K), 0 survivors (0K)
 Metaspace       used 10438K, committed 10688K, reserved 1114112K
  class space    used 1126K, committed 1280K, reserved 1048576K
}
Event: 5.535 GC heap after
{Heap after GC invocations=1 (full 0):
 garbage-first heap   total 256000K, used 6204K [0x0000000707000000, 0x0000000800000000)
  region size 2048K, 2 young (4096K), 2 survivors (4096K)
 Metaspace       used 10438K, committed 10688K, reserved 1114112K
  class space    used 1126K, committed 1280K, reserved 1048576K
}
Event: 7.871 GC heap before
{Heap before GC invocations=1 (full 0):
 garbage-first heap   total 256000K, used 36924K [0x0000000707000000, 0x0000000800000000)
  region size 2048K, 18 young (36864K), 2 survivors (4096K)
 Metaspace       used 10605K, committed 10880K, reserved 1114112K
  class space    used 1126K, committed 1280K, reserved 1048576K
}
Event: 7.874 GC heap after
{Heap after GC invocations=2 (full 0):
 garbage-first heap   total 256000K, used 5996K [0x0000000707000000, 0x0000000800000000)
  region size 2048K, 1 young (2048K), 1 survivors (2048K)
 Metaspace       used 10605K, committed 10880K, reserved 1114112K
  class space    used 1126K, committed 1280K, reserved 1048576K
}
Event: 21.106 GC heap before
{Heap before GC invocations=2 (full 0):
 garbage-first heap   total 256000K, used 155500K [0x0000000707000000, 0x0000000800000000)
  region size 2048K, 75 young (153600K), 1 survivors (2048K)
 Metaspace       used 10998K, committed 11264K, reserved 1114112K
  class space    used 1142K, committed 1280K, reserved 1048576K
}
Event: 21.107 GC heap after
{Heap after GC invocations=3 (full 0):
 garbage-first heap   total 256000K, used 6384K [0x0000000707000000, 0x0000000800000000)
  region size 2048K, 1 young (2048K), 1 survivors (2048K)
 Metaspace       used 10998K, committed 11264K, reserved 1114112K
  class space    used 1142K, committed 1280K, reserved 1048576K
}
Event: 42.656 GC heap before
{Heap before GC invocations=3 (full 0):
 garbage-first heap   total 256000K, used 155888K [0x0000000707000000, 0x0000000800000000)
  region size 2048K, 75 young (153600K), 1 survivors (2048K)
 Metaspace       used 11023K, committed 11264K, reserved 1114112K
  class space    used 1142K, committed 1280K, reserved 1048576K
}
Event: 42.658 GC heap after
{Heap after GC invocations=4 (full 0):
 garbage-first heap   total 256000K, used 6322K [0x0000000707000000, 0x0000000800000000)
  region size 2048K, 1 young (2048K), 1 survivors (2048K)
 Metaspace       used 11023K, committed 11264K, reserved 1114112K
  class space    used 1142K, committed 1280K, reserved 1048576K
}
Event: 54.270 GC heap before
{Heap before GC invocations=4 (full 0):
 garbage-first heap   total 256000K, used 155826K [0x0000000707000000, 0x0000000800000000)
  region size 2048K, 75 young (153600K), 1 survivors (2048K)
 Metaspace       used 11023K, committed 11264K, reserved 1114112K
  class space    used 1142K, committed 1280K, reserved 1048576K
}
Event: 54.271 GC heap after
{Heap after GC invocations=5 (full 0):
 garbage-first heap   total 256000K, used 6093K [0x0000000707000000, 0x0000000800000000)
  region size 2048K, 1 young (2048K), 1 survivors (2048K)
 Metaspace       used 11023K, committed 11264K, reserved 1114112K
  class space    used 1142K, committed 1280K, reserved 1048576K
}

